BasicLearn/app/build/intermediates/manifest_merge_blame_file/debug/manifest-merger-blame-debug-report.txt
1<?xml version="1.0" encoding="utf-8"?>
2<manifest xmlns:android="http://schemas.android.com/apk/res/android"
3    package="com.example.basiclearn"
4    android:versionCode="1"
5    android:versionName="image1.0" >
6
7    <uses-sdk
8        android:minSdkVersion="15"
8-->src\main\AndroidManifest.xml
9        android:targetSdkVersion="29" />
9-->src\main\AndroidManifest.xml
10
11    <uses-permission android:name="android.permission.WRITE_EXTERNAL_STORAGE" />
11-->src\main\AndroidManifest.xml:64:5-65:40
11-->src\main\AndroidManifest.xml:64:22-78
12    <uses-permission android:name="android.permission.READ_EXTERNAL_STORAGE" />
12-->src\main\AndroidManifest.xml:67:5-80
12-->src\main\AndroidManifest.xml:67:22-77
13
14    <application
14-->src\main\AndroidManifest.xml:6:5-62:19
15        android:allowBackup="true"
15-->src\main\AndroidManifest.xml:7:9-35
16        android:appComponentFactory="androidx.core.app.CoreComponentFactory"
16-->[androidx.core:core:1.1.0] AndroidManifest.xml:24:18-86
17        android:debuggable="true"
18        android:icon="@mipmap/ic_launcher"
18-->src\main\AndroidManifest.xml:8:9-43
19        android:label="@string/app_name"
19-->src\main\AndroidManifest.xml:9:9-41
20        android:roundIcon="@mipmap/ic_launcher_round"
20-->src\main\AndroidManifest.xml:10:9-54
21        android:supportsRtl="true"
21-->src\main\AndroidManifest.xml:11:9-35
22        android:testOnly="true"
23        android:theme="@style/AppTheme" >
23-->src\main\AndroidManifest.xml:12:9-40
24        <activity android:name="com.example.basiclearn.MainActivity" >
24-->src\main\AndroidManifest.xml:14:9-18:20
24-->src\main\AndroidManifest.xml:14:19-47
25            <intent-filter>
25-->src\main\AndroidManifest.xml:15:13-17:29
26                <action android:name="android.intent.action.VIEW" />
26-->src\main\AndroidManifest.xml:16:17-69
26-->src\main\AndroidManifest.xml:16:25-66
27            </intent-filter>
28        </activity>
29        <activity android:name="com.example.basiclearn.chapter10.ServiceActivity" />
29-->src\main\AndroidManifest.xml:19:9-62
29-->src\main\AndroidManifest.xml:19:19-60
30        <activity android:name="com.example.basiclearn.chapter9.DictResolver" />
30-->src\main\AndroidManifest.xml:20:9-59
30-->src\main\AndroidManifest.xml:20:19-56
31        <activity android:name="com.example.chapter8.RecogniseActivity" />
31-->src\main\AndroidManifest.xml:21:9-75
31-->src\main\AndroidManifest.xml:21:19-72
32        <activity android:name="com.example.chapter8.AddGesture" />
32-->src\main\AndroidManifest.xml:22:9-68
32-->src\main\AndroidManifest.xml:22:19-65
33        <activity android:name="com.example.chapter8.GestureFlip" />
33-->src\main\AndroidManifest.xml:23:9-69
33-->src\main\AndroidManifest.xml:23:19-66
34        <activity android:name="com.example.chapter8.GestureTest" />
34-->src\main\AndroidManifest.xml:24:9-69
34-->src\main\AndroidManifest.xml:24:19-66
35        <activity android:name="com.example.chapter8.Dict" />
35-->src\main\AndroidManifest.xml:25:9-62
35-->src\main\AndroidManifest.xml:25:19-59
36        <activity android:name="com.example.basiclearn.SdcardViewActivity" />
36-->src\main\AndroidManifest.xml:26:9-56
36-->src\main\AndroidManifest.xml:26:19-53
37        <activity android:name="com.example.basiclearn.ButterFlyActivity" />
37-->src\main\AndroidManifest.xml:27:9-55
37-->src\main\AndroidManifest.xml:27:19-52
38        <activity android:name="com.example.basiclearn.MoveBackActivity" />
38-->src\main\AndroidManifest.xml:28:9-54
38-->src\main\AndroidManifest.xml:28:19-51
39        <activity android:name="com.example.basiclearn.Texture3DActivity" />
39-->src\main\AndroidManifest.xml:29:9-55
39-->src\main\AndroidManifest.xml:29:19-52
40        <activity android:name="com.example.basiclearn.PolygonActivity" />
40-->src\main\AndroidManifest.xml:30:9-53
40-->src\main\AndroidManifest.xml:30:19-50
41        <activity android:name="com.example.basiclearn.PinBallActivity" />
41-->src\main\AndroidManifest.xml:31:9-53
41-->src\main\AndroidManifest.xml:31:19-50
42        <activity android:name="com.example.basiclearn.HandDrawActivity" />
42-->src\main\AndroidManifest.xml:32:9-54
42-->src\main\AndroidManifest.xml:32:19-51
43        <activity
43-->src\main\AndroidManifest.xml:33:9-35:47
44            android:name="com.example.basiclearn.DateChooseActivity"
44-->src\main\AndroidManifest.xml:34:13-47
45            android:theme="@style/AppTheme" />
45-->src\main\AndroidManifest.xml:35:13-44
46        <activity android:name="com.example.basiclearn.MainActivity03" />
46-->src\main\AndroidManifest.xml:36:9-52
46-->src\main\AndroidManifest.xml:36:19-49
47        <activity
47-->src\main\AndroidManifest.xml:37:9-39:36
48            android:name="com.example.basiclearn.TabHostTestActivity"
48-->src\main\AndroidManifest.xml:38:13-48
49            android:label="查看经典" />
49-->src\main\AndroidManifest.xml:39:13-33
50        <activity android:name="com.example.basiclearn.chapter4.ExpandableListActivityTest" />
50-->src\main\AndroidManifest.xml:40:9-73
50-->src\main\AndroidManifest.xml:40:19-70
51        <activity android:name="com.example.basiclearn.chapter4.OtherActivity" />
51-->src\main\AndroidManifest.xml:41:9-60
51-->src\main\AndroidManifest.xml:41:19-57
52
53        <meta-data
53-->src\main\AndroidManifest.xml:43:9-45:50
54            android:name="com.google.android.actions"
54-->src\main\AndroidManifest.xml:44:13-54
55            android:resource="@xml/preference" />
55-->src\main\AndroidManifest.xml:45:13-47
56
57        <provider
57-->src\main\AndroidManifest.xml:47:9-49:69
58            android:name="com.example.basiclearn.chapter9.DictProvider"
58-->src\main\AndroidManifest.xml:48:13-50
59            android:authorities="com.example.basiclearn.chapter9" />
59-->src\main\AndroidManifest.xml:49:13-66
60
61        <service android:name="com.example.basiclearn.chapter10.FristService" >
61-->src\main\AndroidManifest.xml:51:9-55:19
61-->src\main\AndroidManifest.xml:51:18-56
62            <intent-filter>
62-->src\main\AndroidManifest.xml:52:13-54:29
63                <action android:name="com.example.basiclearn.service.FRIST_SERVICE" />
63-->src\main\AndroidManifest.xml:53:17-87
63-->src\main\AndroidManifest.xml:53:25-84
64            </intent-filter>
65        </service>
66        <service android:name="com.example.basiclearn.chapter10.BindService" >
66-->src\main\AndroidManifest.xml:57:9-61:19
66-->src\main\AndroidManifest.xml:57:18-55
67            <intent-filter>
67-->src\main\AndroidManifest.xml:58:13-60:29
68                <action android:name="com.example.basiclearn.service.BIND_SERVICE" />
68-->src\main\AndroidManifest.xml:59:17-86
68-->src\main\AndroidManifest.xml:59:25-83
69            </intent-filter>
70        </service>
71
72        <activity android:name="com.example.lauchmodule.LaunchActivity" >
72-->[:lauchmodule] AndroidManifest.xml:12:9-19:20
72-->[:lauchmodule] AndroidManifest.xml:12:19-72
73            <intent-filter>
73-->[:lauchmodule] AndroidManifest.xml:13:13-18:29
74                <action android:name="android.intent.action.VIEW" />
74-->src\main\AndroidManifest.xml:16:17-69
74-->src\main\AndroidManifest.xml:16:25-66
75                <action android:name="android.intent.action.MAIN" />
75-->[:lauchmodule] AndroidManifest.xml:15:17-69
75-->[:lauchmodule] AndroidManifest.xml:15:25-66
76
77                <category android:name="android.intent.category.LAUNCHER" />
77-->[:lauchmodule] AndroidManifest.xml:17:17-77
77-->[:lauchmodule] AndroidManifest.xml:17:27-74
78            </intent-filter>
79        </activity>
80        <activity android:name="com.example.ndklibrary.Main1Activity" >
80-->[:ndklibrary] AndroidManifest.xml:12:9-13:20
80-->[:ndklibrary] AndroidManifest.xml:12:19-70
81        </activity>
82    </application>
83
84</manifest>